<?xml version="1.0" encoding="UTF-8"?>
<testsuite xmlns:xsi="http://www.w3.org/2001/XMLSchema-instance" xsi:noNamespaceSchemaLocation="https://maven.apache.org/surefire/maven-surefire-plugin/xsd/surefire-test-report-3.0.xsd" version="3.0" name="org.dnbrn.demoLang.test.TestError" time="0.111" tests="10" errors="0" skipped="0" failures="0">
  <properties>
[...]
</properties>
  <testcase name="testGuessPcPasswordEncrypted" classname="org.dnbrn.demoLang.test.TestError" time="0.071">
    <system-out><![CDATA[Building LanguageModel...
Building LanguageModel...
+ pc.access was reached in 50.0 days, as expected.
]]></system-out>
    <system-err><![CDATA[SLF4J: Failed to load class "org.slf4j.impl.StaticLoggerBinder".
SLF4J: Defaulting to no-operation (NOP) logger implementation
SLF4J: See http://www.slf4j.org/codes.html#StaticLoggerBinder for further details.
]]></system-err>
  </testcase>
  <testcase name="testGetPcPasswordNotEncryptedQuantum" classname="org.dnbrn.demoLang.test.TestError" time="0.003">
    <system-out><![CDATA[+ pc.access was reached in 50.0 days, as expected.
]]></system-out>
  </testcase>
  <testcase name="testOnlyServerDefence" classname="org.dnbrn.demoLang.test.TestError" time="0.003">
    <system-out><![CDATA[+ server.access was not reached, as expected.
]]></system-out>
  </testcase>
  <testcase name="testGetPasswordNotEncryptedQuantumCapabilities" classname="org.dnbrn.demoLang.test.TestError" time="0.002">
    <system-out><![CDATA[+ server.access was reached instantaneously as expected.
]]></system-out>
  </testcase>
  <testcase name="testAllDefences" classname="org.dnbrn.demoLang.test.TestError" time="0.002">
    <system-out><![CDATA[+ server.access was not reached, as expected.
]]></system-out>
  </testcase>
  <testcase name="testFullyCompromiseDatabase" classname="org.dnbrn.demoLang.test.TestError" time="0.002">
    <system-out><![CDATA[+ database.extractPassword was reached in 10.0 days, as expected.
]]></system-out>
  </testcase>
  <testcase name="testDatabaseNotEncrypted" classname="org.dnbrn.demoLang.test.TestError" time="0.001">
    <system-out><![CDATA[+ server.access was reached in 10.0 days, as expected.
]]></system-out>
  </testcase>
  <testcase name="testSimulateCrash" classname="org.dnbrn.demoLang.test.TestError" time="0.001">
    <system-out><![CDATA[❌️Test crashed.

]]></system-out>
  </testcase>
  <testcase name="testGuessPasswordNotEncrypted" classname="org.dnbrn.demoLang.test.TestError" time="0.002">
    <system-out><![CDATA[+ server.access was reached instantaneously as expected.
]]></system-out>
  </testcase>
  <testcase name="testNothing" classname="org.dnbrn.demoLang.test.TestError" time="0.001">
    <system-out><![CDATA[+ server.access was reached instantaneously as expected.
]]></system-out>
  </testcase>
</testsuite>